[2023-06-05 00:01:05] INFO root fetch - main [MainThread]: Get Changelog since Serial: [18368978]
[2023-06-05 00:01:09] INFO root fetch - main [MainThread]: Found 7 changed packages
[2023-06-05 00:01:09] INFO root fetch - processPackages [ThreadPoolExecutor-0_0]: Start processing: aind-segmentation-evaluation
[2023-06-05 00:01:09] INFO root fetch - processPackages [ThreadPoolExecutor-0_1]: Start processing: xklb
[2023-06-05 00:01:09] INFO root fetch - processPackages [ThreadPoolExecutor-0_2]: Start processing: kelpie-personal-trainer
[2023-06-05 00:01:09] INFO root fetch - processPackages [ThreadPoolExecutor-0_3]: Start processing: mynacode
[2023-06-05 00:01:09] INFO root fetch - processPackages [ThreadPoolExecutor-0_4]: Start processing: kelpie-personal-trainer
[2023-06-05 00:01:09] INFO root fetch - processPackages [ThreadPoolExecutor-0_5]: Start processing: rlenvironments
[2023-06-05 00:01:09] INFO root fetch - processPackages [ThreadPoolExecutor-0_6]: Start processing: mynacode
[2023-06-05 00:01:09] INFO root fetch - processPackages [aind-segmentation-evaluation]: New version: [0.1.9] Old Version: [0.1.8]
[2023-06-05 00:01:09] INFO root fetch - processPackages [kelpie-personal-trainer]: New version: [0.2.1] Old Version: [0.2.0]
[2023-06-05 00:01:09] INFO root fetch - processPackages [mynacode]: New version: [1.0.99] Old Version: [1.0.98]
[2023-06-05 00:01:09] INFO root fetch - processPackages [rlenvironments]: New version: [0.1.4] Old Version: [0.1.3]
[2023-06-05 00:01:09] INFO root fetch - processPackages [kelpie-personal-trainer]: New version: [0.2.1] Old Version: [0.2.0]
[2023-06-05 00:01:09] INFO root fetch - processPackages [mynacode]: New version: [1.0.99] Old Version: [1.0.98]
[2023-06-05 00:01:09] INFO root fetch - processPackages [xklb]: New version: [1.29.8] Old Version: [1.29.7]
[2023-06-05 00:01:09] INFO root fetch - processPackages [kelpie-personal-trainer]: Downloading https://files.pythonhosted.org/packages/cf/20/09922714435bf12fa117105f21262b939891ecd922ea8cd7d7ea33e93cf7/kelpie_personal_trainer-0.2.0.tar.gz
[2023-06-05 00:01:09] INFO root fetch - processPackages [rlenvironments]: Downloading https://files.pythonhosted.org/packages/af/71/e4d2bb439825ee2e3a8babd1587d962268b82d04ada9dc2323a572331214/rlenvironments-0.1.3.tar.gz
[2023-06-05 00:01:09] INFO root fetch - processPackages [kelpie-personal-trainer]: Downloading https://files.pythonhosted.org/packages/cf/20/09922714435bf12fa117105f21262b939891ecd922ea8cd7d7ea33e93cf7/kelpie_personal_trainer-0.2.0.tar.gz
[2023-06-05 00:01:09] INFO root fetch - processPackages [mynacode]: executing diffoscope
[2023-06-05 00:01:09] INFO root fetch - processPackages [mynacode]: podman run --user 0:0 --rm -w /home/abi/fetcher -v /home/abi/fetcher/tmp:/home/abi/fetcher/tmp:ro -v /home/abi/fetcher/20230605:/home/abi/fetcher/20230605:rw registry.salsa.debian.org/reproducible-builds/diffoscope --no-progress tmp/mynacode-1.0.98-py3-none-any.whl.zip tmp/mynacode-1.0.99-py3-none-any.whl.zip --markdown 20230605/m/mynacode/1.0.98-1.0.99/diff.md --exclude *.pyd
[2023-06-05 00:01:09] INFO root fetch - processPackages [mynacode]: executing diffoscope
[2023-06-05 00:01:09] INFO root fetch - processPackages [mynacode]: podman run --user 0:0 --rm -w /home/abi/fetcher -v /home/abi/fetcher/tmp:/home/abi/fetcher/tmp:ro -v /home/abi/fetcher/20230605:/home/abi/fetcher/20230605:rw registry.salsa.debian.org/reproducible-builds/diffoscope --no-progress tmp/mynacode-1.0.98-py3-none-any.whl.zip tmp/mynacode-1.0.99-py3-none-any.whl.zip --markdown 20230605/m/mynacode/1.0.98-1.0.99/diff.md --exclude *.pyd
[2023-06-05 00:01:10] INFO root fetch - processPackages [xklb]: executing diffoscope
[2023-06-05 00:01:10] INFO root fetch - processPackages [xklb]: podman run --user 0:0 --rm -w /home/abi/fetcher -v /home/abi/fetcher/tmp:/home/abi/fetcher/tmp:ro -v /home/abi/fetcher/20230605:/home/abi/fetcher/20230605:rw registry.salsa.debian.org/reproducible-builds/diffoscope --no-progress tmp/xklb-1.29.7.tar.gz tmp/xklb-1.29.8.tar.gz --markdown 20230605/x/xklb/1.29.7-1.29.8/diff.md --exclude *.pyd
[2023-06-05 00:01:10] WARNING root fetch - processPackages [kelpie-personal-trainer]: Skipping package: exceeds size limit 18721400>=10485760
[2023-06-05 00:01:10] INFO root fetch - main [MainThread]: End processing [kelpie-personal-trainer] error
[2023-06-05 00:01:10] WARNING root fetch - processPackages [kelpie-personal-trainer]: Skipping package: exceeds size limit 18721400>=10485760
[2023-06-05 00:01:10] INFO root fetch - main [MainThread]: End processing [kelpie-personal-trainer] error
[2023-06-05 00:01:10] INFO root fetch - processPackages [rlenvironments]: Downloading https://files.pythonhosted.org/packages/99/ee/b11ffea213ff593be9cbf9f5a0b9f59a55e8b1e00c2f8b20030fc2229344/rlenvironments-0.1.4.tar.gz
[2023-06-05 00:01:10] INFO root fetch - processPackages [aind-segmentation-evaluation]: executing diffoscope
[2023-06-05 00:01:10] INFO root fetch - processPackages [aind-segmentation-evaluation]: podman run --user 0:0 --rm -w /home/abi/fetcher -v /home/abi/fetcher/tmp:/home/abi/fetcher/tmp:ro -v /home/abi/fetcher/20230605:/home/abi/fetcher/20230605:rw registry.salsa.debian.org/reproducible-builds/diffoscope --no-progress tmp/aind_segmentation_evaluation-0.1.8.tar.gz tmp/aind_segmentation_evaluation-0.1.9.tar.gz --markdown 20230605/a/aind-segmentation-evaluation/0.1.8-0.1.9/diff.md --exclude *.pyd
[2023-06-05 00:01:10] INFO root fetch - processPackages [rlenvironments]: executing diffoscope
[2023-06-05 00:01:10] INFO root fetch - processPackages [rlenvironments]: podman run --user 0:0 --rm -w /home/abi/fetcher -v /home/abi/fetcher/tmp:/home/abi/fetcher/tmp:ro -v /home/abi/fetcher/20230605:/home/abi/fetcher/20230605:rw registry.salsa.debian.org/reproducible-builds/diffoscope --no-progress tmp/rlenvironments-0.1.3.tar.gz tmp/rlenvironments-0.1.4.tar.gz --markdown 20230605/r/rlenvironments/0.1.3-0.1.4/diff.md --exclude *.pyd
[2023-06-05 00:01:11] INFO root fetch - main [MainThread]: End processing [mynacode]: success
[2023-06-05 00:01:11] INFO root fetch - main [MainThread]: End processing [mynacode]: success
[2023-06-05 00:01:11] INFO root fetch - main [MainThread]: End processing [rlenvironments]: success
[2023-06-05 00:01:11] INFO root fetch - main [MainThread]: End processing [xklb]: success
[2023-06-05 00:01:14] INFO root fetch - main [MainThread]: End processing [aind-segmentation-evaluation]: success
[2023-06-05 00:01:14] INFO root fetch - main [MainThread]: Store serial: [18369000]
[2023-06-05 00:06:18] INFO root fetch - main [MainThread]: Get Changelog since Serial: [18369000]
[2023-06-05 00:06:23] INFO root fetch - main [MainThread]: Found 4 changed packages
[2023-06-05 00:06:23] INFO root fetch - processPackages [ThreadPoolExecutor-0_0]: Start processing: mlplatformutils
[2023-06-05 00:06:23] INFO root fetch - processPackages [ThreadPoolExecutor-0_1]: Start processing: comai
[2023-06-05 00:06:23] INFO root fetch - processPackages [ThreadPoolExecutor-0_2]: Start processing: threads4images
[2023-06-05 00:06:23] INFO root fetch - processPackages [ThreadPoolExecutor-0_3]: Start processing: mlfast
[2023-06-05 00:06:23] WARNING root fetch - processPackages [threads4images]: Skipping, unable to determine old version
[2023-06-05 00:06:23] INFO root fetch - main [MainThread]: End processing [threads4images] error
[2023-06-05 00:06:23] INFO root fetch - processPackages [mlplatformutils]: New version: [0.6] Old Version: [0.5]
[2023-06-05 00:06:23] INFO root fetch - processPackages [mlfast]: New version: [0.0.9] Old Version: [0.0.8]
[2023-06-05 00:06:23] INFO root fetch - processPackages [comai]: New version: [0.0.9] Old Version: [0.0.8]
[2023-06-05 00:06:23] INFO root fetch - processPackages [mlfast]: executing diffoscope
[2023-06-05 00:06:23] INFO root fetch - processPackages [mlfast]: podman run --user 0:0 --rm -w /home/abi/fetcher -v /home/abi/fetcher/tmp:/home/abi/fetcher/tmp:ro -v /home/abi/fetcher/20230605:/home/abi/fetcher/20230605:rw registry.salsa.debian.org/reproducible-builds/diffoscope --no-progress tmp/mlfast-0.0.8.tar.gz tmp/mlfast-0.0.9.tar.gz --markdown 20230605/m/mlfast/0.0.8-0.0.9/diff.md --exclude *.pyd
[2023-06-05 00:06:23] INFO root fetch - processPackages [mlplatformutils]: Downloading https://files.pythonhosted.org/packages/a9/fc/1fe36366e65311d03ac4f4d9c1566af5967e8b468c3498bb3b0c3a1f1b54/mlplatformutils-0.6.tar.gz
[2023-06-05 00:06:24] INFO root fetch - processPackages [mlplatformutils]: executing diffoscope
[2023-06-05 00:06:24] INFO root fetch - processPackages [mlplatformutils]: podman run --user 0:0 --rm -w /home/abi/fetcher -v /home/abi/fetcher/tmp:/home/abi/fetcher/tmp:ro -v /home/abi/fetcher/20230605:/home/abi/fetcher/20230605:rw registry.salsa.debian.org/reproducible-builds/diffoscope --no-progress tmp/mlplatformutils-0.5.tar.gz tmp/mlplatformutils-0.6.tar.gz --markdown 20230605/m/mlplatformutils/0.5-0.6/diff.md --exclude *.pyd
[2023-06-05 00:06:24] INFO root fetch - processPackages [comai]: Downloading https://files.pythonhosted.org/packages/2f/d7/e4c49640cae492a4d4972dbb00245505154a77a7828d6f19ff5e8c4e9616/comai-0.0.9.tar.gz
[2023-06-05 00:06:24] INFO root fetch - processPackages [comai]: executing diffoscope
[2023-06-05 00:06:24] INFO root fetch - processPackages [comai]: podman run --user 0:0 --rm -w /home/abi/fetcher -v /home/abi/fetcher/tmp:/home/abi/fetcher/tmp:ro -v /home/abi/fetcher/20230605:/home/abi/fetcher/20230605:rw registry.salsa.debian.org/reproducible-builds/diffoscope --no-progress tmp/comai-0.0.8.tar.gz tmp/comai-0.0.9.tar.gz --markdown 20230605/c/comai/0.0.8-0.0.9/diff.md --exclude *.pyd
[2023-06-05 00:06:24] INFO root fetch - main [MainThread]: End processing [mlfast]: success
[2023-06-05 00:06:25] INFO root fetch - main [MainThread]: End processing [mlplatformutils]: success
[2023-06-05 00:06:25] INFO root fetch - main [MainThread]: End processing [comai]: success
[2023-06-05 00:06:25] INFO root fetch - main [MainThread]: Store serial: [18369012]
[2023-06-05 00:11:28] INFO root fetch - main [MainThread]: Get Changelog since Serial: [18369012]
[2023-06-05 00:11:33] INFO root fetch - main [MainThread]: Found 4 changed packages
[2023-06-05 00:11:33] INFO root fetch - processPackages [ThreadPoolExecutor-0_0]: Start processing: ptpapi
[2023-06-05 00:11:33] INFO root fetch - processPackages [ThreadPoolExecutor-0_1]: Start processing: metabolabpy
[2023-06-05 00:11:33] INFO root fetch - processPackages [ThreadPoolExecutor-0_2]: Start processing: qtmetabolabpy
[2023-06-05 00:11:33] INFO root fetch - processPackages [ThreadPoolExecutor-0_3]: Start processing: kelpie-personal-trainer
[2023-06-05 00:11:33] INFO root fetch - processPackages [ptpapi]: New version: [0.9.2] Old Version: [0.9.1]
[2023-06-05 00:11:33] INFO root fetch - processPackages [kelpie-personal-trainer]: New version: [0.2.1] Old Version: [0.2.0]
[2023-06-05 00:11:33] INFO root fetch - processPackages [metabolabpy]: New version: [0.8.9] Old Version: [0.8.7]
[2023-06-05 00:11:33] INFO root fetch - processPackages [qtmetabolabpy]: New version: [0.8.9] Old Version: [0.8.7]
[2023-06-05 00:11:34] INFO root fetch - processPackages [kelpie-personal-trainer]: Downloading https://files.pythonhosted.org/packages/cf/20/09922714435bf12fa117105f21262b939891ecd922ea8cd7d7ea33e93cf7/kelpie_personal_trainer-0.2.0.tar.gz
[2023-06-05 00:11:34] WARNING root fetch - processPackages [kelpie-personal-trainer]: Skipping package: exceeds size limit 18721400>=10485760
[2023-06-05 00:11:34] INFO root fetch - main [MainThread]: End processing [kelpie-personal-trainer] error
[2023-06-05 00:11:34] INFO root fetch - processPackages [ptpapi]: Downloading https://files.pythonhosted.org/packages/67/e7/5f5ff309b4f6d1a4525edab705954723e963fa4891f259099885e6b87664/ptpapi-0.9.1.tar.gz
[2023-06-05 00:11:34] INFO root fetch - processPackages [metabolabpy]: Downloading https://files.pythonhosted.org/packages/ab/32/e1a86aa724aabef3e01f3e432abe2c8ea8a3b1805c71f8bf8e801262ed92/metabolabpy-0.8.7.tar.gz
[2023-06-05 00:11:34] WARNING root fetch - processPackages [metabolabpy]: Skipping package: exceeds size limit 12237881>=10485760
[2023-06-05 00:11:34] INFO root fetch - main [MainThread]: End processing [metabolabpy] error
[2023-06-05 00:11:34] INFO root fetch - processPackages [qtmetabolabpy]: executing diffoscope
[2023-06-05 00:11:34] INFO root fetch - processPackages [qtmetabolabpy]: podman run --user 0:0 --rm -w /home/abi/fetcher -v /home/abi/fetcher/tmp:/home/abi/fetcher/tmp:ro -v /home/abi/fetcher/20230605:/home/abi/fetcher/20230605:rw registry.salsa.debian.org/reproducible-builds/diffoscope --no-progress tmp/qtmetabolabpy-0.8.7.tar.gz tmp/qtmetabolabpy-0.8.9.tar.gz --markdown 20230605/q/qtmetabolabpy/0.8.7-0.8.9/diff.md --exclude *.pyd
[2023-06-05 00:11:34] INFO root fetch - processPackages [ptpapi]: Downloading https://files.pythonhosted.org/packages/07/fd/bf017394e8a46962a4f65d57c36ade304e08af5942b2fc49d99324b38636/ptpapi-0.9.2.tar.gz
[2023-06-05 00:11:34] INFO root fetch - processPackages [ptpapi]: executing diffoscope
[2023-06-05 00:11:34] INFO root fetch - processPackages [ptpapi]: podman run --user 0:0 --rm -w /home/abi/fetcher -v /home/abi/fetcher/tmp:/home/abi/fetcher/tmp:ro -v /home/abi/fetcher/20230605:/home/abi/fetcher/20230605:rw registry.salsa.debian.org/reproducible-builds/diffoscope --no-progress tmp/ptpapi-0.9.1.tar.gz tmp/ptpapi-0.9.2.tar.gz --markdown 20230605/p/ptpapi/0.9.1-0.9.2/diff.md --exclude *.pyd
[2023-06-05 00:11:35] INFO root fetch - main [MainThread]: End processing [qtmetabolabpy]: success
[2023-06-05 00:11:36] INFO root fetch - main [MainThread]: End processing [ptpapi]: success
[2023-06-05 00:11:36] INFO root fetch - main [MainThread]: Store serial: [18369027]
[2023-06-05 00:16:39] INFO root fetch - main [MainThread]: Get Changelog since Serial: [18369027]
[2023-06-05 00:16:44] INFO root fetch - main [MainThread]: Found 6 changed packages
[2023-06-05 00:16:44] INFO root fetch - processPackages [ThreadPoolExecutor-0_0]: Start processing: autobahn
[2023-06-05 00:16:44] INFO root fetch - processPackages [ThreadPoolExecutor-0_1]: Start processing: rlenvironments
[2023-06-05 00:16:44] INFO root fetch - processPackages [ThreadPoolExecutor-0_2]: Start processing: datascope-experiments
[2023-06-05 00:16:44] INFO root fetch - processPackages [ThreadPoolExecutor-0_3]: Start processing: notionlib
[2023-06-05 00:16:44] INFO root fetch - processPackages [ThreadPoolExecutor-0_4]: Start processing: threads4image
[2023-06-05 00:16:44] INFO root fetch - processPackages [ThreadPoolExecutor-0_5]: Start processing: elonmusk
[2023-06-05 00:16:44] WARNING root fetch - processPackages [threads4image]: Skipping, unable to determine old version
[2023-06-05 00:16:44] INFO root fetch - main [MainThread]: End processing [threads4image] error
[2023-06-05 00:16:44] INFO root fetch - processPackages [datascope-experiments]: New version: [0.0.9] Old Version: [0.0.8]
[2023-06-05 00:16:44] ERROR root fetch - processPackages [rlenvironments]: Unable to get metadata: No such project 'rlenvironments'
[2023-06-05 00:16:44] INFO root fetch - main [MainThread]: End processing [rlenvironments] error
[2023-06-05 00:16:44] INFO root fetch - processPackages [notionlib]: New version: [0.3.dev0] Old Version: [0.2.dev0]
[2023-06-05 00:16:44] INFO root fetch - processPackages [autobahn]: New version: [23.6.1] Old Version: [23.1.2]
[2023-06-05 00:16:44] WARNING root fetch - processPackages [elonmusk]: Skipping, unable to determine old version
[2023-06-05 00:16:44] INFO root fetch - main [MainThread]: End processing [elonmusk] error
[2023-06-05 00:16:44] INFO root fetch - processPackages [datascope-experiments]: executing diffoscope
[2023-06-05 00:16:44] INFO root fetch - processPackages [datascope-experiments]: podman run --user 0:0 --rm -w /home/abi/fetcher -v /home/abi/fetcher/tmp:/home/abi/fetcher/tmp:ro -v /home/abi/fetcher/20230605:/home/abi/fetcher/20230605:rw registry.salsa.debian.org/reproducible-builds/diffoscope --no-progress tmp/datascope-experiments-0.0.8.tar.gz tmp/datascope-experiments-0.0.9.tar.gz --markdown 20230605/d/datascope-experiments/0.0.8-0.0.9/diff.md --exclude *.pyd
[2023-06-05 00:16:44] INFO root fetch - processPackages [autobahn]: Downloading https://files.pythonhosted.org/packages/53/99/b6e0ffa0e8bafe9dfae1c9ab46d44d07317cbf297fbf8f07aff8a80e5bd8/autobahn-23.1.2.tar.gz
[2023-06-05 00:16:45] INFO root fetch - processPackages [notionlib]: Downloading https://files.pythonhosted.org/packages/83/e7/1fc8c4961f47b511f2cc23803f73f65cd5ab065e8a913871bc9237c415dd/notionlib-0.3.dev0.tar.gz
[2023-06-05 00:16:45] INFO root fetch - processPackages [notionlib]: executing diffoscope
[2023-06-05 00:16:45] INFO root fetch - processPackages [notionlib]: podman run --user 0:0 --rm -w /home/abi/fetcher -v /home/abi/fetcher/tmp:/home/abi/fetcher/tmp:ro -v /home/abi/fetcher/20230605:/home/abi/fetcher/20230605:rw registry.salsa.debian.org/reproducible-builds/diffoscope --no-progress tmp/notionlib-0.2.dev0.tar.gz tmp/notionlib-0.3.dev0.tar.gz --markdown 20230605/n/notionlib/0.2.dev0-0.3.dev0/diff.md --exclude *.pyd
[2023-06-05 00:16:45] INFO root fetch - processPackages [autobahn]: Downloading https://files.pythonhosted.org/packages/dd/49/239715f7c1a59e2cf6c85418f74d5aefb5db1f4fc4e66dff153f25c01125/autobahn-23.6.1.tar.gz
[2023-06-05 00:16:45] INFO root fetch - processPackages [autobahn]: executing diffoscope
[2023-06-05 00:16:45] INFO root fetch - processPackages [autobahn]: podman run --user 0:0 --rm -w /home/abi/fetcher -v /home/abi/fetcher/tmp:/home/abi/fetcher/tmp:ro -v /home/abi/fetcher/20230605:/home/abi/fetcher/20230605:rw registry.salsa.debian.org/reproducible-builds/diffoscope --no-progress tmp/autobahn-23.1.2.tar.gz tmp/autobahn-23.6.1.tar.gz --markdown 20230605/a/autobahn/23.1.2-23.6.1/diff.md --exclude *.pyd
[2023-06-05 00:16:45] ERROR root fetch - processPackages [autobahn]: Diffoscope failed: Error: error creating container storage: the container name "peaceful_wu" is already in use by "c13960dfccea54c1e6e1e237f5948e659cf4aa03eded5e644d6062e6a4954021". You have to remove that container to be able to reuse that name.: that name is already in use

[2023-06-05 00:16:45] INFO root fetch - main [MainThread]: End processing [autobahn] error
[2023-06-05 00:16:46] INFO root fetch - main [MainThread]: End processing [datascope-experiments]: success
[2023-06-05 00:16:46] INFO root fetch - main [MainThread]: End processing [notionlib]: success
[2023-06-05 00:16:46] INFO root fetch - main [MainThread]: Store serial: [18369047]
[2023-06-05 00:21:49] INFO root fetch - main [MainThread]: Get Changelog since Serial: [18369047]
[2023-06-05 00:21:54] INFO root fetch - main [MainThread]: Found 5 changed packages
[2023-06-05 00:21:54] INFO root fetch - processPackages [ThreadPoolExecutor-0_0]: Start processing: slidescore-sdk
[2023-06-05 00:21:54] INFO root fetch - processPackages [ThreadPoolExecutor-0_1]: Start processing: roughsets-base
[2023-06-05 00:21:54] INFO root fetch - processPackages [ThreadPoolExecutor-0_2]: Start processing: rlenvironments
[2023-06-05 00:21:54] INFO root fetch - processPackages [ThreadPoolExecutor-0_3]: Start processing: lung-analysis-pipeline
[2023-06-05 00:21:54] INFO root fetch - processPackages [ThreadPoolExecutor-0_4]: Start processing: vosk-autosrt
[2023-06-05 00:21:54] INFO root fetch - processPackages [vosk-autosrt]: New version: [0.0.5] Old Version: [0.0.4]
[2023-06-05 00:21:54] WARNING root fetch - processPackages [rlenvironments]: Skipping, unable to determine old version
[2023-06-05 00:21:54] INFO root fetch - processPackages [roughsets-base]: New version: [1.0.1.2] Old Version: [1.0.1.1]
[2023-06-05 00:21:54] INFO root fetch - main [MainThread]: End processing [rlenvironments] error
[2023-06-05 00:21:54] INFO root fetch - processPackages [lung-analysis-pipeline]: New version: [0.0.8] Old Version: [0.0.7]
[2023-06-05 00:21:54] INFO root fetch - processPackages [slidescore-sdk]: New version: [1.2.9] Old Version: [1.2.8]
[2023-06-05 00:21:55] INFO root fetch - processPackages [vosk-autosrt]: Downloading https://files.pythonhosted.org/packages/43/d3/e81ceb71480369a8d0c65656254a83f83a3163c8a7e45ed423d403e1d72c/vosk_autosrt-0.0.4.tar.gz
[2023-06-05 00:21:55] INFO root fetch - processPackages [roughsets-base]: Downloading https://files.pythonhosted.org/packages/8c/cf/8ced802419fd55fafeed58aeddb9bfbd7f8072fc04b878d9410eb1ab66c9/roughsets-base-1.0.1.1.tar.gz
[2023-06-05 00:21:55] INFO root fetch - processPackages [lung-analysis-pipeline]: Downloading https://files.pythonhosted.org/packages/69/b5/a41d140ce8b9822f4f5eadde3f219b951f61e1ebfe0056ba58a612f1479a/lung_analysis_pipeline-0.0.8.tar.gz
[2023-06-05 00:21:55] WARNING root fetch - processPackages [vosk-autosrt]: Skipping package: exceeds size limit 21457583>=10485760
[2023-06-05 00:21:55] INFO root fetch - main [MainThread]: End processing [vosk-autosrt] error
[2023-06-05 00:21:55] INFO root fetch - processPackages [slidescore-sdk]: Downloading https://files.pythonhosted.org/packages/c3/8c/7bcc16062a06e91a0ad17cbd6dea9bf5fe38cc0b68978cface45b050953d/slidescore-sdk-1.2.8.tar.gz
[2023-06-05 00:21:55] INFO root fetch - processPackages [roughsets-base]: Downloading https://files.pythonhosted.org/packages/40/f5/1b7deb18947f0bb90aa3d57713414f9f3bfcaf8a700869a41d8d816a6019/roughsets-base-1.0.1.2.tar.gz
[2023-06-05 00:21:55] INFO root fetch - processPackages [lung-analysis-pipeline]: executing diffoscope
[2023-06-05 00:21:55] INFO root fetch - processPackages [lung-analysis-pipeline]: podman run --user 0:0 --rm -w /home/abi/fetcher -v /home/abi/fetcher/tmp:/home/abi/fetcher/tmp:ro -v /home/abi/fetcher/20230605:/home/abi/fetcher/20230605:rw registry.salsa.debian.org/reproducible-builds/diffoscope --no-progress tmp/lung_analysis_pipeline-0.0.7.tar.gz tmp/lung_analysis_pipeline-0.0.8.tar.gz --markdown 20230605/l/lung-analysis-pipeline/0.0.7-0.0.8/diff.md --exclude *.pyd
[2023-06-05 00:21:55] INFO root fetch - processPackages [roughsets-base]: executing diffoscope
[2023-06-05 00:21:55] INFO root fetch - processPackages [roughsets-base]: podman run --user 0:0 --rm -w /home/abi/fetcher -v /home/abi/fetcher/tmp:/home/abi/fetcher/tmp:ro -v /home/abi/fetcher/20230605:/home/abi/fetcher/20230605:rw registry.salsa.debian.org/reproducible-builds/diffoscope --no-progress tmp/roughsets-base-1.0.1.1.tar.gz tmp/roughsets-base-1.0.1.2.tar.gz --markdown 20230605/r/roughsets-base/1.0.1.1-1.0.1.2/diff.md --exclude *.pyd
[2023-06-05 00:21:55] INFO root fetch - processPackages [slidescore-sdk]: Downloading https://files.pythonhosted.org/packages/ee/ee/86759a3eb2858cde1304f6063043d70e459d6a1390b5911983f68575a62f/slidescore-sdk-1.2.9.tar.gz
[2023-06-05 00:21:55] INFO root fetch - processPackages [slidescore-sdk]: executing diffoscope
[2023-06-05 00:21:55] INFO root fetch - processPackages [slidescore-sdk]: podman run --user 0:0 --rm -w /home/abi/fetcher -v /home/abi/fetcher/tmp:/home/abi/fetcher/tmp:ro -v /home/abi/fetcher/20230605:/home/abi/fetcher/20230605:rw registry.salsa.debian.org/reproducible-builds/diffoscope --no-progress tmp/slidescore-sdk-1.2.8.tar.gz tmp/slidescore-sdk-1.2.9.tar.gz --markdown 20230605/s/slidescore-sdk/1.2.8-1.2.9/diff.md --exclude *.pyd
[2023-06-05 00:21:56] INFO root fetch - main [MainThread]: End processing [slidescore-sdk]: success
[2023-06-05 00:21:56] INFO root fetch - main [MainThread]: End processing [roughsets-base]: success
[2023-06-05 00:21:57] INFO root fetch - main [MainThread]: End processing [lung-analysis-pipeline]: success
[2023-06-05 00:21:57] INFO root fetch - main [MainThread]: Store serial: [18369062]
